2024-12-04 17:10:44 INFO  Iniciando execuÁ„o do pipeline
2024-12-04 17:10:44 INFO  Iniciando etapa de prÈ-processamento
2024-12-04 17:11:42 INFO  Etapa 1 executada em 0:00:58.168361
2024-12-04 17:11:42 INFO  Iniciando etapa 2: IdentificaÁ„o de indivÌduos
2024-12-04 17:17:37 INFO  Etapa 2 executada em 0:05:55.175775
2024-12-04 17:17:37 INFO  Iniciando etapa de segmentaÁ„o de trechos
2024-12-04 17:19:41 INFO  Iniciando execu√ß√£o do pipeline
2024-12-04 17:19:41 INFO  Iniciando etapa de pr√©-processamento
2024-12-04 17:20:25 INFO  Etapa 1 executada em 0:00:44.214327
2024-12-04 17:20:25 INFO  Iniciando etapa 2: Identifica√ß√£o de indiv√≠duos
2024-12-04 17:26:16 INFO  Etapa 2 executada em 0:05:51.031177
2024-12-04 17:26:16 INFO  Iniciando etapa de segmenta√ß√£o de trechos
2024-12-04 17:28:13 INFO  Iniciando execu√ß√£o do pipeline
2024-12-04 17:28:13 INFO  Iniciando etapa de pr√©-processamento
2024-12-04 17:28:58 INFO  Etapa 1 executada em 0:00:44.500288
2024-12-04 17:28:58 INFO  Iniciando etapa 2: Identifica√ß√£o de indiv√≠duos
2024-12-04 17:35:10 INFO  Etapa 2 executada em 0:06:12.457624
2024-12-04 17:35:10 INFO  Iniciando etapa de segmenta√ß√£o de trechos
2024-12-04 17:40:16 INFO  Iniciando execu√ß√£o do pipeline
2024-12-04 17:40:16 INFO  Iniciando etapa de pr√©-processamento
2024-12-04 17:41:05 INFO  Etapa 1 executada em 0:00:48.242013
2024-12-04 17:41:05 INFO  Iniciando etapa 2: Identifica√ß√£o de indiv√≠duos
2024-12-04 17:47:47 INFO  Etapa 2 executada em 0:06:42.034337
2024-12-04 17:47:47 INFO  Iniciando etapa de segmenta√ß√£o de trechos
2024-12-04 18:00:51 INFO  Iniciando execu√ß√£o do pipeline
2024-12-04 18:00:51 INFO  Iniciando etapa de pr√©-processamento
2024-12-04 18:01:34 INFO  Etapa 1 executada em 0:00:43.240158
2024-12-04 18:01:34 INFO  Iniciando etapa 2: Identifica√ß√£o de indiv√≠duos
2024-12-04 18:07:08 INFO  Etapa 2 executada em 0:05:33.524989
2024-12-04 18:07:08 INFO  Iniciando etapa de segmenta√ß√£o de trechos
2024-12-04 18:14:52 INFO  Iniciando execu√ß√£o do pipeline
2024-12-04 18:14:52 INFO  Iniciando etapa de pr√©-processamento
2024-12-04 18:15:40 INFO  Etapa 1 executada em 0:00:47.414889
2024-12-04 18:15:40 INFO  Iniciando etapa 2: Identifica√ß√£o de indiv√≠duos
2024-12-04 18:22:37 INFO  Etapa 2 executada em 0:06:57.545597
2024-12-04 18:22:37 INFO  Iniciando etapa de segmenta√ß√£o de trechos
2024-12-04 18:23:58 INFO  Iniciando execu√ß√£o do pipeline
2024-12-04 18:23:58 INFO  Iniciando etapa de pr√©-processamento
2024-12-04 18:24:41 INFO  Etapa 1 executada em 0:00:43.185715
2024-12-04 18:24:41 INFO  Iniciando etapa 2: Identifica√ß√£o de indiv√≠duos
2024-12-04 18:28:08 INFO  Iniciando execu√ß√£o do pipeline
2024-12-04 18:28:08 INFO  Iniciando etapa de pr√©-processamento
2024-12-04 18:29:00 INFO  Etapa 1 executada em 0:00:52.377619
2024-12-04 18:29:00 INFO  Iniciando etapa 2: Identifica√ß√£o de indiv√≠duos
2024-12-04 18:35:47 INFO  Etapa 2 executada em 0:06:46.248889
2024-12-04 18:35:47 INFO  Iniciando etapa de segmenta√ß√£o de trechos
2024-12-05 10:01:03 INFO  Iniciando execu√ß√£o do pipeline
2024-12-05 10:01:03 INFO  Iniciando etapa de pr√©-processamento
2024-12-05 10:01:10 INFO  Etapa 1 executada em 0:00:06.428293
2024-12-05 10:01:10 INFO  Pipeline executado em 0:00:06.429282
2024-12-05 10:03:05 INFO  Iniciando execu√ß√£o do pipeline
2024-12-05 10:03:05 INFO  Iniciando etapa de pr√©-processamento
2024-12-05 10:03:12 INFO  Etapa 1 executada em 0:00:06.347076
2024-12-05 10:03:12 INFO  Iniciando etapa 2: Identifica√ß√£o de indiv√≠duos
2024-12-05 10:05:54 INFO  Etapa 2 executada em 0:02:42.015409
2024-12-05 10:05:54 INFO  Iniciando etapa 3: Segmenta√ß√£o de trechos
2024-12-05 10:07:32 INFO  Iniciando execu√ß√£o do pipeline
2024-12-05 10:07:32 INFO  Iniciando etapa de pr√©-processamento
2024-12-05 10:07:38 INFO  Etapa 1 executada em 0:00:06.215660
2024-12-05 10:07:38 INFO  Iniciando etapa 2: Identifica√ß√£o de indiv√≠duos
2024-12-05 10:10:13 INFO  Etapa 2 executada em 0:02:34.413672
2024-12-05 10:19:12 INFO  Iniciando execu√ß√£o do pipeline
2024-12-05 10:19:12 INFO  Pr√©-processamento carregado
2024-12-05 10:19:12 INFO  Entidades carregadas
2024-12-05 10:19:12 INFO  Iniciando etapa 3: Segmenta√ß√£o de trechos
2024-12-05 10:21:06 INFO  Iniciando execu√ß√£o do pipeline
2024-12-05 10:21:06 INFO  Iniciando etapa de pr√©-processamento
2024-12-05 10:21:12 INFO  Etapa 1 executada em 0:00:06.238156
2024-12-05 10:21:12 INFO  Iniciando etapa 2: Identifica√ß√£o de indiv√≠duos
2024-12-05 10:26:30 INFO  Etapa 2 executada em 0:05:18.377345
2024-12-05 10:26:30 INFO  Iniciando etapa 3: Segmenta√ß√£o de trechos
2024-12-05 10:30:30 INFO  Iniciando execu√ß√£o do pipeline
2024-12-05 10:30:30 INFO  Pr√©-processamento carregado
2024-12-05 10:30:30 INFO  Entidades carregadas
2024-12-05 10:30:30 INFO  Iniciando etapa 3: Segmenta√ß√£o de trechos
2024-12-05 10:31:05 INFO  Iniciando execu√ß√£o do pipeline
2024-12-05 10:31:05 INFO  Pr√©-processamento carregado
2024-12-05 10:31:05 INFO  Entidades carregadas
2024-12-05 10:31:05 INFO  Iniciando etapa 3: Segmenta√ß√£o de trechos
2024-12-05 10:37:36 INFO  Iniciando execu√ß√£o do pipeline
2024-12-05 10:37:36 INFO  Pr√©-processamento carregado
2024-12-05 10:37:36 INFO  Entidades carregadas
2024-12-05 10:37:36 INFO  Iniciando etapa 3: Segmenta√ß√£o de trechos
2024-12-05 10:38:39 INFO  Iniciando execu√ß√£o do pipeline
2024-12-05 10:38:39 INFO  Pr√©-processamento carregado
2024-12-05 10:40:18 INFO  Iniciando execu√ß√£o do pipeline
2024-12-05 10:40:18 INFO  Pr√©-processamento carregado
2024-12-05 10:41:35 INFO  Iniciando execu√ß√£o do pipeline
2024-12-05 10:41:35 INFO  Pr√©-processamento carregado
2024-12-05 10:41:35 INFO  Entidades carregadas
2024-12-05 10:41:35 INFO  Iniciando etapa 3: Segmenta√ß√£o de trechos
2024-12-05 10:46:39 INFO  Iniciando execu√ß√£o do pipeline
2024-12-05 10:46:39 INFO  Pr√©-processamento carregado
2024-12-05 10:46:39 INFO  Iniciando etapa 2: Identifica√ß√£o de indiv√≠duos
2024-12-05 10:49:16 INFO  Etapa 2 executada em 0:02:36.954658
2024-12-05 10:49:16 INFO  Iniciando etapa 3: Segmenta√ß√£o de trechos
2024-12-05 10:49:16 INFO  Etapa 3 executada em 0:00:00.763375
2024-12-05 10:49:16 INFO  Pipeline executado em 0:02:37.723915
2024-12-05 10:51:20 INFO  Iniciando execu√ß√£o do pipeline
2024-12-05 10:51:20 INFO  Trechos carregados
2024-12-05 10:51:20 INFO  Iniciando etapa 4: Infer√™ncia de g√™nero
2024-12-05 10:52:23 INFO  Iniciando execu√ß√£o do pipeline
2024-12-05 10:52:23 INFO  Pr√©-processamento carregado
2024-12-05 10:52:23 INFO  Iniciando etapa 2: Identifica√ß√£o de indiv√≠duos
2024-12-05 10:55:21 INFO  Etapa 2 executada em 0:02:58.019035
2024-12-05 10:55:21 INFO  Iniciando etapa 3: Segmenta√ß√£o de trechos
2024-12-05 10:55:22 INFO  Etapa 3 executada em 0:00:00.888119
2024-12-05 10:55:22 INFO  Iniciando etapa 4: Infer√™ncia de g√™nero
2024-12-05 10:56:18 INFO  Iniciando execu√ß√£o do pipeline
2024-12-05 10:56:18 INFO  Trechos carregados
2024-12-05 10:56:18 INFO  Iniciando etapa 4: Infer√™ncia de g√™nero
2024-12-05 10:57:52 INFO  Iniciando execu√ß√£o do pipeline
2024-12-05 10:57:52 INFO  Trechos carregados
2024-12-05 10:57:52 INFO  Iniciando etapa 4: Infer√™ncia de g√™nero
